#
# There is insufficient memory for the Java Runtime Environment to continue.
# Native memory allocation (malloc) failed to allocate 32744 bytes for ChunkPool::allocate
# Possible reasons:
#   The system is out of physical RAM or swap space
#   In 32 bit mode, the process size limit was hit
# Possible solutions:
#   Reduce memory load on the system
#   Increase physical memory or swap space
#   Check if swap backing store is full
#   Use 64 bit Java on a 64 bit OS
#   Decrease Java heap size (-Xmx/-Xms)
#   Decrease number of Java threads
#   Decrease Java thread stack sizes (-Xss)
#   Set larger code cache with -XX:ReservedCodeCacheSize=
# This output file may be truncated or incomplete.
#
#  Out of Memory Error (allocation.cpp:273), pid=892, tid=0x0000000000001a14
#
# JRE version: OpenJDK Runtime Environment (8.0_112-b06) (build 1.8.0_112-release-b06)
# Java VM: OpenJDK 64-Bit Server VM (25.112-b06 mixed mode windows-amd64 compressed oops)
# Failed to write core dump. Minidumps are not enabled by default on client versions of Windows
#

---------------  T H R E A D  ---------------

Current thread (0x00000000567a4000):  JavaThread "C2 CompilerThread0" daemon [_thread_in_native, id=6676, stack(0x0000000056df0000,0x0000000056ef0000)]

Stack: [0x0000000056df0000,0x0000000056ef0000]
[error occurred during error reporting (printing stack bounds), id 0xc0000005]

Native frames: (J=compiled Java code, j=interpreted, Vv=VM code, C=native code)


Current CompileTask:
C2:   2272 1730   !   4       com.android.dx.cf.code.Ropper::processBlock (1101 bytes)


---------------  P R O C E S S  ---------------

Java Threads: ( => current thread )
  0x0000000056a4e800 JavaThread "pool-2-thread-4" [_thread_in_vm, id=1596, stack(0x0000000057720000,0x0000000057820000)]
  0x0000000056a4b800 JavaThread "pool-2-thread-3" [_thread_blocked, id=5764, stack(0x00000000575f0000,0x00000000576f0000)]
  0x0000000056a4a800 JavaThread "pool-2-thread-2" [_thread_in_vm, id=3952, stack(0x00000000574e0000,0x00000000575e0000)]
  0x0000000056a49000 JavaThread "pool-3-thread-1" [_thread_blocked, id=6148, stack(0x0000000057250000,0x0000000057350000)]
  0x0000000056a7e000 JavaThread "pool-2-thread-1" [_thread_in_vm, id=4324, stack(0x0000000057380000,0x0000000057480000)]
  0x000000005680a800 JavaThread "Service Thread" daemon [_thread_blocked, id=1152, stack(0x0000000057150000,0x0000000057250000)]
  0x00000000567c4000 JavaThread "C1 CompilerThread2" daemon [_thread_in_vm, id=6524, stack(0x0000000057040000,0x0000000057140000)]
  0x00000000567ae800 JavaThread "C2 CompilerThread1" daemon [_thread_in_native, id=6012, stack(0x0000000056f10000,0x0000000057010000)]
=>0x00000000567a4000 JavaThread "C2 CompilerThread0" daemon [_thread_in_native, id=6676, stack(0x0000000056df0000,0x0000000056ef0000)]
  0x00000000567a1000 JavaThread "Attach Listener" daemon [_thread_blocked, id=4620, stack(0x0000000056cd0000,0x0000000056dd0000)]
  0x0000000055314000 JavaThread "Signal Dispatcher" daemon [_thread_blocked, id=4472, stack(0x0000000056bb0000,0x0000000056cb0000)]
  0x00000000552fc000 JavaThread "Finalizer" daemon [_thread_blocked, id=2660, stack(0x00000000566a0000,0x00000000567a0000)]
  0x00000000552b5000 JavaThread "Reference Handler" daemon [_thread_blocked, id=6968, stack(0x00000000564f0000,0x00000000565f0000)]
  0x000000000228e000 JavaThread "main" [_thread_blocked, id=3124, stack(0x00000000022f0000,0x00000000023f0000)]

Other Threads:
  0x00000000552ad800 VMThread [stack: 0x00000000562d0000,0x00000000563d0000] [id=5124]
  0x0000000056813800 WatcherThread [stack: 0x00000000563e0000,0x00000000564e0000] [id=1364]

VM state:synchronizing (normal execution)

VM Mutex/Monitor currently owned by a thread:  ([mutex/lock_event])
[0x000000000228c530] Threads_lock - owner thread: 0x00000000552ad800
[0x000000000228ca30] Heap_lock - owner thread: 0x000000000228e000

Heap:
 PSYoungGen      total 65024K, used 65020K [0x00000000eab00000, 0x00000000eef00000, 0x0000000100000000)
  eden space 60416K, 100% used [0x00000000eab00000,0x00000000ee600000,0x00000000ee600000)
  from space 4608K, 99% used [0x00000000eea80000,0x00000000eeeff2b0,0x00000000eef00000)
  to   space 4608K, 0% used [0x00000000ee600000,0x00000000ee600000,0x00000000eea80000)
 ParOldGen       total 79360K, used 4104K [0x00000000c0000000, 0x00000000c4d80000, 0x00000000eab00000)
  object space 79360K, 5% used [0x00000000c0000000,0x00000000c04022a8,0x00000000c4d80000)
 Metaspace       used 6249K, capacity 7152K, committed 7296K, reserved 1056768K
  class space    used 578K, capacity 616K, committed 640K, reserved 1048576K

Card table byte_map: [0x0000000011b90000,0x0000000011da0000] byte_map_base: 0x0000000011590000

Marking Bits: (ParMarkBitMap*) 0x000000006bb618f0
 Begin Bits: [0x0000000012720000, 0x0000000013720000)
 End Bits:   [0x0000000013720000, 0x0000000014720000)

Polling page: 0x0000000000230000

CodeCache: size=245760Kb used=7502Kb max_used=7502Kb free=238257Kb
 bounds [0x00000000027d0000, 0x0000000002f30000, 0x00000000117d0000]
 total_blobs=2047 nmethods=1778 adapters=183
 compilation: enabled

Compilation events (10 events):
Event: 2.179 Thread 0x00000000567c4000 nmethod 1791 0x0000000002f27290 code [0x0000000002f27420, 0x0000000002f27788]
Event: 2.179 Thread 0x00000000567c4000 1792       3       com.android.dx.cf.attrib.InnerClassList::set (19 bytes)
Event: 2.180 Thread 0x00000000567c4000 nmethod 1792 0x0000000002f278d0 code [0x0000000002f27ac0, 0x0000000002f28378]
Event: 2.197 Thread 0x00000000567c4000 1793       3       java.util.concurrent.ThreadPoolExecutor$Worker::lock (6 bytes)
Event: 2.198 Thread 0x00000000567c4000 nmethod 1793 0x0000000002f28a10 code [0x0000000002f28bc0, 0x0000000002f29368]
Event: 2.198 Thread 0x00000000567c4000 1794       3       java.util.concurrent.ThreadPoolExecutor::runStateAtLeast (11 bytes)
Event: 2.198 Thread 0x00000000567c4000 nmethod 1794 0x0000000002f295d0 code [0x0000000002f29720, 0x0000000002f298b0]
Event: 2.198 Thread 0x00000000567c4000 1795       3       java.util.concurrent.ThreadPoolExecutor::beforeExecute (1 bytes)
Event: 2.198 Thread 0x00000000567c4000 nmethod 1795 0x0000000002f29910 code [0x0000000002f29a60, 0x0000000002f29bb0]
Event: 2.215 Thread 0x00000000567c4000 1796 %     3       com.android.dx.dex.file.AnnotationUtils::makeSignature @ 65 (251 bytes)

GC Heap History (4 events):
Event: 0.494 GC heap before
{Heap before GC invocations=1 (full 0):
 PSYoungGen      total 34816K, used 30208K [0x00000000eab00000, 0x00000000ed180000, 0x0000000100000000)
  eden space 30208K, 100% used [0x00000000eab00000,0x00000000ec880000,0x00000000ec880000)
  from space 4608K, 0% used [0x00000000ecd00000,0x00000000ecd00000,0x00000000ed180000)
  to   space 4608K, 0% used [0x00000000ec880000,0x00000000ec880000,0x00000000ecd00000)
 ParOldGen       total 79360K, used 0K [0x00000000c0000000, 0x00000000c4d80000, 0x00000000eab00000)
  object space 79360K, 0% used [0x00000000c0000000,0x00000000c0000000,0x00000000c4d80000)
 Metaspace       used 5922K, capacity 6896K, committed 7040K, reserved 1056768K
  class space    used 576K, capacity 616K, committed 640K, reserved 1048576K
Event: 0.518 GC heap after
Heap after GC invocations=1 (full 0):
 PSYoungGen      total 34816K, used 4592K [0x00000000eab00000, 0x00000000eef00000, 0x0000000100000000)
  eden space 30208K, 0% used [0x00000000eab00000,0x00000000eab00000,0x00000000ec880000)
  from space 4608K, 99% used [0x00000000ec880000,0x00000000eccfc1c8,0x00000000ecd00000)
  to   space 4608K, 0% used [0x00000000eea80000,0x00000000eea80000,0x00000000eef00000)
 ParOldGen       total 79360K, used 1362K [0x00000000c0000000, 0x00000000c4d80000, 0x00000000eab00000)
  object space 79360K, 1% used [0x00000000c0000000,0x00000000c0154930,0x00000000c4d80000)
 Metaspace       used 5922K, capacity 6896K, committed 7040K, reserved 1056768K
  class space    used 576K, capacity 616K, committed 640K, reserved 1048576K
}
Event: 0.670 GC heap before
{Heap before GC invocations=2 (full 0):
 PSYoungGen      total 34816K, used 34800K [0x00000000eab00000, 0x00000000eef00000, 0x0000000100000000)
  eden space 30208K, 100% used [0x00000000eab00000,0x00000000ec880000,0x00000000ec880000)
  from space 4608K, 99% used [0x00000000ec880000,0x00000000eccfc1c8,0x00000000ecd00000)
  to   space 4608K, 0% used [0x00000000eea80000,0x00000000eea80000,0x00000000eef00000)
 ParOldGen       total 79360K, used 1362K [0x00000000c0000000, 0x00000000c4d80000, 0x00000000eab00000)
  object space 79360K, 1% used [0x00000000c0000000,0x00000000c0154930,0x00000000c4d80000)
 Metaspace       used 6086K, capacity 7024K, committed 7296K, reserved 1056768K
  class space    used 577K, capacity 616K, committed 640K, reserved 1048576K
Event: 0.687 GC heap after
Heap after GC invocations=2 (full 0):
 PSYoungGen      total 65024K, used 4604K [0x00000000eab00000, 0x00000000eef00000, 0x0000000100000000)
  eden space 60416K, 0% used [0x00000000eab00000,0x00000000eab00000,0x00000000ee600000)
  from space 4608K, 99% used [0x00000000eea80000,0x00000000eeeff2b0,0x00000000eef00000)
  to   space 4608K, 0% used [0x00000000ee600000,0x00000000ee600000,0x00000000eea80000)
 ParOldGen       total 79360K, used 4104K [0x00000000c0000000, 0x00000000c4d80000, 0x00000000eab00000)
  object space 79360K, 5% used [0x00000000c0000000,0x00000000c04022a8,0x00000000c4d80000)
 Metaspace       used 6086K, capacity 7024K, committed 7296K, reserved 1056768K
  class space    used 577K, capacity 616K, committed 640K, reserved 1048576K
}

Deoptimization events (10 events):
Event: 0.539 Thread 0x0000000056a4a800 Uncommon trap: reason=class_check action=maybe_recompile pc=0x0000000002b3efac method=com.android.dx.ssa.NormalSsaInsn.accept(Lcom/android/dx/ssa/SsaInsn$Visitor;)V @ 9
Event: 0.549 Thread 0x0000000056a4a800 Uncommon trap: reason=class_check action=maybe_recompile pc=0x0000000002b3efac method=com.android.dx.ssa.NormalSsaInsn.accept(Lcom/android/dx/ssa/SsaInsn$Visitor;)V @ 9
Event: 0.549 Thread 0x0000000056a4a800 Uncommon trap: reason=class_check action=maybe_recompile pc=0x0000000002a22820 method=com.android.dx.ssa.NormalSsaInsn.accept(Lcom/android/dx/ssa/SsaInsn$Visitor;)V @ 9
Event: 1.181 Thread 0x000000000228e000 Uncommon trap: reason=unloaded action=reinterpret pc=0x0000000002c8b570 method=com.android.dx.cf.cst.ConstantPoolParser.parse0(ILjava/util/BitSet;)Lcom/android/dx/rop/cst/Constant; @ 220
Event: 1.192 Thread 0x0000000056a4e800 Uncommon trap: reason=bimorphic action=maybe_recompile pc=0x0000000002df9a54 method=com.android.dx.rop.code.RegisterSpec.withSimpleType()Lcom/android/dx/rop/code/RegisterSpec; @ 21
Event: 1.192 Thread 0x0000000056a4e800 Uncommon trap: reason=bimorphic action=maybe_recompile pc=0x0000000002df9a54 method=com.android.dx.rop.code.RegisterSpec.withSimpleType()Lcom/android/dx/rop/code/RegisterSpec; @ 21
Event: 1.540 Thread 0x0000000056a4b800 Uncommon trap: reason=unstable_if action=reinterpret pc=0x0000000002e6ef24 method=com.android.dx.rop.code.BasicBlockList.preferredSuccessorOf(Lcom/android/dx/rop/code/BasicBlock;)Lcom/android/dx/rop/code/BasicBlock; @ 58
Event: 1.578 Thread 0x0000000056a4b800 Uncommon trap: reason=unstable_if action=reinterpret pc=0x0000000002df8b9c method=com.android.dx.rop.code.RegisterSpec.equals(ILcom/android/dx/rop/type/TypeBearer;Lcom/android/dx/rop/code/LocalItem;)Z @ 42
Event: 1.578 Thread 0x0000000056a4b800 Uncommon trap: reason=unstable_if action=reinterpret pc=0x0000000002a7f470 method=com.android.dx.rop.code.RegisterSpec.equals(ILcom/android/dx/rop/type/TypeBearer;Lcom/android/dx/rop/code/LocalItem;)Z @ 42
Event: 1.631 Thread 0x0000000056a4b800 Uncommon trap: reason=unstable_if action=reinterpret pc=0x0000000002e8e5f8 method=com.android.dx.cf.code.Merger.mergeType(Lcom/android/dx/rop/type/TypeBearer;Lcom/android/dx/rop/type/TypeBearer;)Lcom/android/dx/rop/type/TypeBearer; @ 52

Internal exceptions (3 events):
Event: 0.049 Thread 0x000000000228e000 Exception <a 'java/lang/NoSuchMethodError': Method sun.misc.Unsafe.defineClass(Ljava/lang/String;[BII)Ljava/lang/Class; name or signature does not match> (0x00000000eab07c78) thrown at [C:\src\android\AOSP-openjdk\external\jetbrains\jdk\hotspot\src\share\vz{ºöÅ‰®?
Event: 0.049 Thread 0x000000000228e000 Exception <a 'java/lang/NoSuchMethodError': Method sun.misc.Unsafe.prefetchRead(Ljava/lang/Object;J)V name or signature does not match> (0x00000000eab07f60) thrown at [C:\src\android\AOSP-openjdk\external\jetbrains\jdk\hotspot\src\share\vm\prims\jni.cpp, l
Event: 0.382 Thread 0x0000000056a4a800 Implicit null exception at 0x0000000002acb1fb to 0x0000000002acd7c1

Events (10 events):
Event: 1.578 Thread 0x0000000056a4b800 DEOPT PACKING pc=0x0000000002df8b9c sp=0x00000000576eed70
Event: 1.578 Thread 0x0000000056a4b800 DEOPT UNPACKING pc=0x000000000281556a sp=0x00000000576eec68 mode 2
Event: 1.578 Thread 0x0000000056a4b800 Uncommon trap: trap_request=0xffffff65 fr.pc=0x0000000002a7f470
Event: 1.578 Thread 0x0000000056a4b800 DEOPT PACKING pc=0x0000000002a7f470 sp=0x00000000576eecd0
Event: 1.578 Thread 0x0000000056a4b800 DEOPT UNPACKING pc=0x000000000281556a sp=0x00000000576eec58 mode 2
Event: 1.601 Thread 0x0000000056a4b800 DEOPT PACKING pc=0x0000000002ba6ced sp=0x00000000576eed80
Event: 1.601 Thread 0x0000000056a4b800 DEOPT UNPACKING pc=0x00000000028175bf sp=0x00000000576eeac8 mode 0
Event: 1.631 Thread 0x0000000056a4b800 Uncommon trap: trap_request=0xffffff65 fr.pc=0x0000000002e8e5f8
Event: 1.631 Thread 0x0000000056a4b800 DEOPT PACKING pc=0x0000000002e8e5f8 sp=0x00000000576ee970
Event: 1.631 Thread 0x0000000056a4b800 DEOPT UNPACKING pc=0x000000000281556a sp=0x00000000576ee900 mode 2


Dynamic libraries:
0x000000013f140000 - 0x000000013f171000 	C:\Program Files\Android\Android Studio\jre\bin\java.exe
0x00000000773d0000 - 0x000000007757a000 	C:\Windows\SYSTEM32\ntdll.dll
0x00000000771b0000 - 0x00000000772cf000 	C:\Windows\system32\kernel32.dll
0x000007fefd0e0000 - 0x000007fefd14a000 	C:\Windows\system32\KERNELBASE.dll
0x000007fefd4f0000 - 0x000007fefd5cb000 	C:\Windows\system32\ADVAPI32.dll
0x000007feff320000 - 0x000007feff3bf000 	C:\Windows\system32\msvcrt.dll
0x000007fefed50000 - 0x000007fefed6f000 	C:\Windows\SYSTEM32\sechost.dll
0x000007fefee40000 - 0x000007fefef6d000 	C:\Windows\system32\RPCRT4.dll
0x00000000772d0000 - 0x00000000773ca000 	C:\Windows\system32\USER32.dll
0x000007fefd480000 - 0x000007fefd4e7000 	C:\Windows\system32\GDI32.dll
0x000007fefdbd0000 - 0x000007fefdbde000 	C:\Windows\system32\LPK.dll
0x000007fefed70000 - 0x000007fefee3a000 	C:\Windows\system32\USP10.dll
0x000007fefbaa0000 - 0x000007fefbc94000 	C:\Windows\WinSxS\amd64_microsoft.windows.common-controls_6595b64144ccf1df_6.0.7601.18837_none_fa3b1e3d17594757\COMCTL32.dll
0x000007fefecd0000 - 0x000007fefed41000 	C:\Windows\system32\SHLWAPI.dll
0x000007fefdbe0000 - 0x000007fefdc0e000 	C:\Windows\system32\IMM32.DLL
0x000007fefd930000 - 0x000007fefda39000 	C:\Windows\system32\MSCTF.dll
0x0000000068df0000 - 0x0000000068ec2000 	C:\Program Files\Android\Android Studio\jre\jre\bin\msvcr100.dll
0x000000006b3a0000 - 0x000000006bbdc000 	C:\Program Files\Android\Android Studio\jre\jre\bin\server\jvm.dll
0x000007fef9d60000 - 0x000007fef9d69000 	C:\Windows\system32\WSOCK32.dll
0x000007feff3c0000 - 0x000007feff40d000 	C:\Windows\system32\WS2_32.dll
0x000007fefdd50000 - 0x000007fefdd58000 	C:\Windows\system32\NSI.dll
0x000007fefb0d0000 - 0x000007fefb10b000 	C:\Windows\system32\WINMM.dll
0x000007fefc190000 - 0x000007fefc19c000 	C:\Windows\system32\VERSION.dll
0x0000000077590000 - 0x0000000077597000 	C:\Windows\system32\PSAPI.DLL
0x000007fefa250000 - 0x000007fefa25f000 	C:\Program Files\Android\Android Studio\jre\jre\bin\verify.dll
0x000007fef5d80000 - 0x000007fef5da9000 	C:\Program Files\Android\Android Studio\jre\jre\bin\java.dll
0x000007fef7310000 - 0x000007fef7326000 	C:\Program Files\Android\Android Studio\jre\jre\bin\zip.dll
0x000007fefdd60000 - 0x000007fefeaea000 	C:\Windows\system32\SHELL32.dll
0x000007fefd710000 - 0x000007fefd90c000 	C:\Windows\system32\ole32.dll
0x000007fefd0c0000 - 0x000007fefd0cf000 	C:\Windows\system32\profapi.dll

VM Arguments:
jvm_args: -Djava.awt.headless=true -Xmx1024M -Dfile.encoding=windows-1252 -Duser.country=BR -Duser.language=pt -Duser.variant 
java_command: com.android.dx.command.Main --dex --force-jumbo --num-threads=4 --multi-dex --output C:\Users\fernando.nti\Documents\EcommerceAndroidApp\app\build\intermediates\transforms\dex\debug\folders\1000\2\Parse-1.3.0_69f1d65f8dc39b4a1eb17596d970d3c283b9878b C:\Users\fernando.nti\Documents\EcommerceAndroidApp\app\libs\Parse-1.3.0.jar
java_class_path (initial): C:\Users\fernando.nti\AppData\Local\Android\sdk\build-tools\26.0.1\lib\dx.jar
Launcher Type: SUN_STANDARD

Environment Variables:
PATH=C:\Windows\system32;C:\Windows;C:\Windows\system32\wbem;C:\oracle\instantclient_10_2;C:\Windows\System32\WindowsPowerShell\v1.0;C:\Program Files\TortoiseSVN\bin;C:\Windows\system32\config\systemprofile\.dnx\bin;C:\Program Files\Microsoft DNX\Dnvm;C:\Program Files\Microsoft SQL Server\120\Tools\Binn;C:\Program Files\Microsoft SQL Server\130\Tools\Binn;C:\Program Files\Git\cmd;C:\Program Files (x86)\Windows Kits\10\Windows Performance Toolkit;c:\Program Files (x86)\Microsoft SQL Server\100\Tools\Binn;c:\Program Files\Microsoft SQL Server\100\Tools\Binn;c:\Program Files\Microsoft SQL Server\100\DTS\Binn;c:\xampp\php;C:\Program Files\PuTTY
USERNAME=fernando.nti
OS=Windows_NT
PROCESSOR_IDENTIFIER=Intel64 Family 6 Model 60 Stepping 3, GenuineIntel



---------------  S Y S T E M  ---------------

OS: Windows 7 , 64 bit Build 7601 (6.1.7601.23796)

CPU:total 4 (4 cores per cpu, 1 threads per core) family 6 model 60 stepping 3, cmov, cx8, fxsr, mmx, sse, sse2, sse3, ssse3, sse4.1, sse4.2, popcnt, avx, avx2, aes, clmul, erms, rtm, lzcnt, tsc, tscinvbit, bmi1, bmi2

Memory: 4k page, physical 7538940k(365980k free), swap 11657656k(4996k free)

vm_info: OpenJDK 64-Bit Server VM (25.112-b06) for windows-amd64 JRE (1.8.0_112-release-b06), built on Dec  8 2016 00:54:26 by "builder" with MS VC++ 10.0 (VS2010)

time: Fri Sep 01 13:05:49 2017
elapsed time: 2 seconds (0d 0h 0m 2s)

