#
# There is insufficient memory for the Java Runtime Environment to continue.
# Native memory allocation (malloc) failed to allocate 1792 bytes for AllocateHeap
# Possible reasons:
#   The system is out of physical RAM or swap space
#   In 32 bit mode, the process size limit was hit
# Possible solutions:
#   Reduce memory load on the system
#   Increase physical memory or swap space
#   Check if swap backing store is full
#   Use 64 bit Java on a 64 bit OS
#   Decrease Java heap size (-Xmx/-Xms)
#   Decrease number of Java threads
#   Decrease Java thread stack sizes (-Xss)
#   Set larger code cache with -XX:ReservedCodeCacheSize=
# This output file may be truncated or incomplete.
#
#  Out of Memory Error (memory/allocation.inline.hpp:61), pid=4732, tid=0x0000000000001908
#
# JRE version: OpenJDK Runtime Environment (8.0_112-b06) (build 1.8.0_112-release-b06)
# Java VM: OpenJDK 64-Bit Server VM (25.112-b06 mixed mode windows-amd64 compressed oops)
# Failed to write core dump. Minidumps are not enabled by default on client versions of Windows
#

---------------  T H R E A D  ---------------

Current thread (0x000000000215e000):  GCTaskThread [stack: 0x00000000120b0000,0x00000000121b0000] [id=6408]

Stack: [0x00000000120b0000,0x00000000121b0000]
[error occurred during error reporting (printing stack bounds), id 0xc0000005]

Native frames: (J=compiled Java code, j=interpreted, Vv=VM code, C=native code)

JavaThread 0x0000000055178800 (nid = 6616) was being processed
Java frames: (J=compiled Java code, j=interpreted, Vv=VM code)
j  java.lang.Object.wait(J)V+0
j  java.lang.ref.ReferenceQueue.remove(J)Ljava/lang/ref/Reference;+59
j  java.lang.ref.ReferenceQueue.remove()Ljava/lang/ref/Reference;+2
j  java.lang.ref.Finalizer$FinalizerThread.run()V+36
v  ~StubRoutines::call_stub

---------------  P R O C E S S  ---------------

Java Threads: ( => current thread )
  0x0000000056ce6800 JavaThread "pool-3-thread-1" [_thread_blocked, id=2956, stack(0x0000000057480000,0x0000000057580000)]
  0x0000000056cdd000 JavaThread "pool-2-thread-1" [_thread_blocked, id=6160, stack(0x0000000057110000,0x0000000057210000)]
  0x0000000056bd9000 JavaThread "Service Thread" daemon [_thread_blocked, id=1668, stack(0x0000000056860000,0x0000000056960000)]
  0x0000000056b80800 JavaThread "C1 CompilerThread2" daemon [_thread_blocked, id=4772, stack(0x0000000056ff0000,0x00000000570f0000)]
  0x000000005519e000 JavaThread "C2 CompilerThread1" daemon [_thread_blocked, id=3704, stack(0x0000000056a80000,0x0000000056b80000)]
  0x0000000055195800 JavaThread "C2 CompilerThread0" daemon [_thread_blocked, id=4916, stack(0x0000000056960000,0x0000000056a60000)]
  0x0000000055192000 JavaThread "Attach Listener" daemon [_thread_blocked, id=4056, stack(0x0000000056700000,0x0000000056800000)]
  0x0000000055190800 JavaThread "Signal Dispatcher" daemon [_thread_blocked, id=4972, stack(0x00000000563c0000,0x00000000564c0000)]
  0x0000000055178800 JavaThread "Finalizer" daemon [_thread_blocked, id=6616, stack(0x0000000056550000,0x0000000056650000)]
  0x0000000055131800 JavaThread "Reference Handler" daemon [_thread_blocked, id=5712, stack(0x0000000056290000,0x0000000056390000)]
  0x00000000022fe000 JavaThread "main" [_thread_blocked, id=5388, stack(0x0000000002320000,0x0000000002420000)]

Other Threads:
  0x0000000055129800 VMThread [stack: 0x0000000056090000,0x0000000056190000] [id=2368]
  0x0000000056bda800 WatcherThread [stack: 0x0000000057250000,0x0000000057350000] [id=5052]

=>0x000000000215e000 (exited) GCTaskThread [stack: 0x00000000120b0000,0x00000000121b0000] [id=6408]

VM state:at safepoint (normal execution)

VM Mutex/Monitor currently owned by a thread:  ([mutex/lock_event])
[0x00000000022fba00] OopMapCacheAlloc_lock - owner thread: 0x000000000215e000
[0x00000000022fc530] Threads_lock - owner thread: 0x0000000055129800
[0x00000000022fca30] Heap_lock - owner thread: 0x0000000056cdd000

Heap:
 PSYoungGen      total 34816K, used 4229K [0x00000000eab00000, 0x00000000ed180000, 0x0000000100000000)
  eden space 30208K, 14% used [0x00000000eab00000,0x00000000eaf21668,0x00000000ec880000)
  from space 4608K, 0% used [0x00000000ecd00000,0x00000000ecd00000,0x00000000ed180000)
  to   space 4608K, 2% used [0x00000000ec880000,0x00000000ec8a0000,0x00000000ecd00000)
 ParOldGen       total 79360K, used 0K [0x00000000c0000000, 0x00000000c4d80000, 0x00000000eab00000)
  object space 79360K, 0% used [0x00000000c0000000,0x00000000c0000000,0x00000000c4d80000)
 Metaspace       used 3558K, capacity 5008K, committed 5120K, reserved 1060864K
  class space    used 390K, capacity 456K, committed 512K, reserved 1048576K

Card table byte_map: [0x0000000011ab0000,0x0000000011cc0000] byte_map_base: 0x00000000114b0000

Marking Bits: (ParMarkBitMap*) 0x000000006bb618f0
 Begin Bits: [0x00000000125a0000, 0x00000000135a0000)
 End Bits:   [0x00000000135a0000, 0x00000000145a0000)

Polling page: 0x0000000000230000

CodeCache: size=245760Kb used=1278Kb max_used=1279Kb free=244481Kb
 bounds [0x00000000026f0000, 0x0000000002960000, 0x00000000116f0000]
 total_blobs=358 nmethods=112 adapters=160
 compilation: enabled

Compilation events (10 events):
Event: 0.147 Thread 0x0000000056b80800 nmethod 108 0x000000000282e350 code [0x000000000282e4c0, 0x000000000282e730]
Event: 0.147 Thread 0x000000005519e000 nmethod 104 0x000000000282cb10 code [0x000000000282cc40, 0x000000000282cd98]
Event: 0.148 Thread 0x0000000056b80800  109       3       sun.net.www.ParseUtil::encodePath (336 bytes)
Event: 0.148 Thread 0x0000000056b80800 nmethod 109 0x00000000028309d0 code [0x0000000002830c40, 0x0000000002831c18]
Event: 0.148 Thread 0x0000000056b80800  110       1       java.lang.reflect.Field::getName (5 bytes)
Event: 0.148 Thread 0x0000000056b80800 nmethod 110 0x000000000282c650 code [0x000000000282c7a0, 0x000000000282c8b0]
Event: 0.149 Thread 0x0000000056b80800  111       3       java.lang.String::indexOf (25 bytes)
Event: 0.149 Thread 0x0000000056b80800 nmethod 111 0x000000000282c210 code [0x000000000282c380, 0x000000000282c528]
Event: 0.151 Thread 0x0000000056b80800  112       3       java.util.zip.Inflater::ensureOpen (47 bytes)
Event: 0.151 Thread 0x0000000056b80800 nmethod 112 0x000000000282ddd0 code [0x000000000282df40, 0x000000000282e228]

GC Heap History (1 events):
Event: 0.151 GC heap before
{Heap before GC invocations=1 (full 0):
 PSYoungGen      total 34816K, used 4229K [0x00000000eab00000, 0x00000000ed180000, 0x0000000100000000)
  eden space 30208K, 14% used [0x00000000eab00000,0x00000000eaf21668,0x00000000ec880000)
  from space 4608K, 0% used [0x00000000ecd00000,0x00000000ecd00000,0x00000000ed180000)
  to   space 4608K, 0% used [0x00000000ec880000,0x00000000ec880000,0x00000000ecd00000)
 ParOldGen       total 79360K, used 0K [0x00000000c0000000, 0x00000000c4d80000, 0x00000000eab00000)
  object space 79360K, 0% used [0x00000000c0000000,0x00000000c0000000,0x00000000c4d80000)
 Metaspace       used 3558K, capacity 5008K, committed 5120K, reserved 1060864K
  class space    used 390K, capacity 456K, committed 512K, reserved 1048576K

Deoptimization events (0 events):
No events

Internal exceptions (2 events):
Event: 0.027 Thread 0x00000000022fe000 Exception <a 'java/lang/NoSuchMethodError': Method sun.misc.Unsafe.defineClass(Ljava/lang/String;[BII)Ljava/lang/Class; name or signature does not match> (0x00000000eab07c78) thrown at [C:\src\android\AOSP-openjdk\external\jetbrains\jdk\hotspot\src\share\vàmª	a}›?
Event: 0.027 Thread 0x00000000022fe000 Exception <a 'java/lang/NoSuchMethodError': Method sun.misc.Unsafe.prefetchRead(Ljava/lang/Object;J)V name or signature does not match> (0x00000000eab07f60) thrown at [C:\src\android\AOSP-openjdk\external\jetbrains\jdk\hotspot\src\share\vm\prims\jni.cpp, l

Events (10 events):
Event: 0.150 loading class com/android/dx/dex/file/ClassDataItem done
Event: 0.150 loading class com/android/dx/dex/file/AnnotationsDirectoryItem
Event: 0.150 loading class com/android/dx/dex/file/AnnotationsDirectoryItem done
Event: 0.151 loading class com/android/dx/dex/file/AnnotationSetItem
Event: 0.151 loading class com/android/dx/dex/file/AnnotationSetItem done
Event: 0.151 loading class com/android/dx/dex/cf/AttributeTranslator
Event: 0.151 loading class com/android/dx/dex/cf/AttributeTranslator done
Event: 0.151 loading class com/android/dx/util/Warning
Event: 0.151 loading class com/android/dx/util/Warning done
Event: 0.151 Executing VM operation: CollectForMetadataAllocation


Dynamic libraries:
0x000000013f140000 - 0x000000013f171000 	C:\Program Files\Android\Android Studio\jre\bin\java.exe
0x00000000773d0000 - 0x000000007757a000 	C:\Windows\SYSTEM32\ntdll.dll
0x00000000771b0000 - 0x00000000772cf000 	C:\Windows\system32\kernel32.dll
0x000007fefd0e0000 - 0x000007fefd14a000 	C:\Windows\system32\KERNELBASE.dll
0x000007fefd4f0000 - 0x000007fefd5cb000 	C:\Windows\system32\ADVAPI32.dll
0x000007feff320000 - 0x000007feff3bf000 	C:\Windows\system32\msvcrt.dll
0x000007fefed50000 - 0x000007fefed6f000 	C:\Windows\SYSTEM32\sechost.dll
0x000007fefee40000 - 0x000007fefef6d000 	C:\Windows\system32\RPCRT4.dll
0x00000000772d0000 - 0x00000000773ca000 	C:\Windows\system32\USER32.dll
0x000007fefd480000 - 0x000007fefd4e7000 	C:\Windows\system32\GDI32.dll
0x000007fefdbd0000 - 0x000007fefdbde000 	C:\Windows\system32\LPK.dll
0x000007fefed70000 - 0x000007fefee3a000 	C:\Windows\system32\USP10.dll
0x000007fefbaa0000 - 0x000007fefbc94000 	C:\Windows\WinSxS\amd64_microsoft.windows.common-controls_6595b64144ccf1df_6.0.7601.18837_none_fa3b1e3d17594757\COMCTL32.dll
0x000007fefecd0000 - 0x000007fefed41000 	C:\Windows\system32\SHLWAPI.dll
0x000007fefdbe0000 - 0x000007fefdc0e000 	C:\Windows\system32\IMM32.DLL
0x000007fefd930000 - 0x000007fefda39000 	C:\Windows\system32\MSCTF.dll
0x0000000068df0000 - 0x0000000068ec2000 	C:\Program Files\Android\Android Studio\jre\jre\bin\msvcr100.dll
0x000000006b3a0000 - 0x000000006bbdc000 	C:\Program Files\Android\Android Studio\jre\jre\bin\server\jvm.dll
0x000007fef9d60000 - 0x000007fef9d69000 	C:\Windows\system32\WSOCK32.dll
0x000007feff3c0000 - 0x000007feff40d000 	C:\Windows\system32\WS2_32.dll
0x000007fefdd50000 - 0x000007fefdd58000 	C:\Windows\system32\NSI.dll
0x000007fefb0d0000 - 0x000007fefb10b000 	C:\Windows\system32\WINMM.dll
0x000007fefc190000 - 0x000007fefc19c000 	C:\Windows\system32\VERSION.dll
0x0000000077590000 - 0x0000000077597000 	C:\Windows\system32\PSAPI.DLL
0x000007fefa250000 - 0x000007fefa25f000 	C:\Program Files\Android\Android Studio\jre\jre\bin\verify.dll
0x000007fef5d80000 - 0x000007fef5da9000 	C:\Program Files\Android\Android Studio\jre\jre\bin\java.dll
0x000007fef7310000 - 0x000007fef7326000 	C:\Program Files\Android\Android Studio\jre\jre\bin\zip.dll
0x000007fefdd60000 - 0x000007fefeaea000 	C:\Windows\system32\SHELL32.dll
0x000007fefd710000 - 0x000007fefd90c000 	C:\Windows\system32\ole32.dll
0x000007fefd0c0000 - 0x000007fefd0cf000 	C:\Windows\system32\profapi.dll

VM Arguments:
jvm_args: -Djava.awt.headless=true -Xmx1024M -Dfile.encoding=windows-1252 -Duser.country=BR -Duser.language=pt -Duser.variant 
java_command: com.android.dx.command.Main --dex --force-jumbo --num-threads=4 --multi-dex --output C:\Users\fernando.nti\Documents\EcommerceAndroidApp\app\build\intermediates\transforms\dex\debug\folders\1000\5\slice_7 C:\Users\fernando.nti\Documents\EcommerceAndroidApp\app\build\intermediates\transforms\instantRunSlicer\debug\folders\1\5\slice_7
java_class_path (initial): C:\Users\fernando.nti\AppData\Local\Android\sdk\build-tools\26.0.1\lib\dx.jar
Launcher Type: SUN_STANDARD

Environment Variables:
PATH=C:\Windows\system32;C:\Windows;C:\Windows\system32\wbem;C:\oracle\instantclient_10_2;C:\Windows\System32\WindowsPowerShell\v1.0;C:\Program Files\TortoiseSVN\bin;C:\Windows\system32\config\systemprofile\.dnx\bin;C:\Program Files\Microsoft DNX\Dnvm;C:\Program Files\Microsoft SQL Server\120\Tools\Binn;C:\Program Files\Microsoft SQL Server\130\Tools\Binn;C:\Program Files\Git\cmd;C:\Program Files (x86)\Windows Kits\10\Windows Performance Toolkit;c:\Program Files (x86)\Microsoft SQL Server\100\Tools\Binn;c:\Program Files\Microsoft SQL Server\100\Tools\Binn;c:\Program Files\Microsoft SQL Server\100\DTS\Binn;c:\xampp\php;C:\Program Files\PuTTY
USERNAME=fernando.nti
OS=Windows_NT
PROCESSOR_IDENTIFIER=Intel64 Family 6 Model 60 Stepping 3, GenuineIntel



---------------  S Y S T E M  ---------------

OS: Windows 7 , 64 bit Build 7601 (6.1.7601.23796)

CPU:total 4 (4 cores per cpu, 1 threads per core) family 6 model 60 stepping 3, cmov, cx8, fxsr, mmx, sse, sse2, sse3, ssse3, sse4.1, sse4.2, popcnt, avx, avx2, aes, clmul, erms, rtm, lzcnt, tsc, tscinvbit, bmi1, bmi2

Memory: 4k page, physical 7538940k(391496k free), swap 11657656k(179992k free)

vm_info: OpenJDK 64-Bit Server VM (25.112-b06) for windows-amd64 JRE (1.8.0_112-release-b06), built on Dec  8 2016 00:54:26 by "builder" with MS VC++ 10.0 (VS2010)

time: Fri Sep 01 13:06:34 2017
elapsed time: 0 seconds (0d 0h 0m 0s)

