#
# There is insufficient memory for the Java Runtime Environment to continue.
# Native memory allocation (malloc) failed to allocate 32744 bytes for ChunkPool::allocate
# Possible reasons:
#   The system is out of physical RAM or swap space
#   In 32 bit mode, the process size limit was hit
# Possible solutions:
#   Reduce memory load on the system
#   Increase physical memory or swap space
#   Check if swap backing store is full
#   Use 64 bit Java on a 64 bit OS
#   Decrease Java heap size (-Xmx/-Xms)
#   Decrease number of Java threads
#   Decrease Java thread stack sizes (-Xss)
#   Set larger code cache with -XX:ReservedCodeCacheSize=
# This output file may be truncated or incomplete.
#
#  Out of Memory Error (allocation.cpp:273), pid=5688, tid=0x00000000000014cc
#
# JRE version: OpenJDK Runtime Environment (8.0_112-b06) (build 1.8.0_112-release-b06)
# Java VM: OpenJDK 64-Bit Server VM (25.112-b06 mixed mode windows-amd64 compressed oops)
# Failed to write core dump. Minidumps are not enabled by default on client versions of Windows
#

---------------  T H R E A D  ---------------

Current thread (0x00000000565b5000):  JavaThread "C2 CompilerThread0" daemon [_thread_in_native, id=5324, stack(0x0000000056c60000,0x0000000056d60000)]

Stack: [0x0000000056c60000,0x0000000056d60000]
[error occurred during error reporting (printing stack bounds), id 0xc0000005]

Native frames: (J=compiled Java code, j=interpreted, Vv=VM code, C=native code)


Current CompileTask:
C2:     61   17       4       java.lang.String::charAt (29 bytes)


---------------  P R O C E S S  ---------------

Java Threads: ( => current thread )
  0x0000000056628000 JavaThread "Service Thread" daemon [_thread_blocked, id=5008, stack(0x0000000057140000,0x0000000057240000)]
  0x00000000552a7800 JavaThread "C1 CompilerThread2" daemon [_thread_in_native, id=4176, stack(0x0000000056200000,0x0000000056300000)]
  0x00000000552a6000 JavaThread "C2 CompilerThread1" daemon [_thread_blocked, id=6880, stack(0x0000000056e50000,0x0000000056f50000)]
=>0x00000000565b5000 JavaThread "C2 CompilerThread0" daemon [_thread_in_native, id=5324, stack(0x0000000056c60000,0x0000000056d60000)]
  0x00000000565b2000 JavaThread "Attach Listener" daemon [_thread_blocked, id=5228, stack(0x00000000569b0000,0x0000000056ab0000)]
  0x00000000565b0800 JavaThread "Signal Dispatcher" daemon [_thread_blocked, id=5980, stack(0x0000000056ad0000,0x0000000056bd0000)]
  0x000000005528c000 JavaThread "Finalizer" daemon [_thread_blocked, id=5892, stack(0x00000000564b0000,0x00000000565b0000)]
  0x0000000055245000 JavaThread "Reference Handler" daemon [_thread_blocked, id=208, stack(0x0000000056330000,0x0000000056430000)]
  0x00000000022ce000 JavaThread "main" [_thread_in_vm, id=2512, stack(0x00000000024b0000,0x00000000025b0000)]

Other Threads:
  0x0000000055239800 VMThread [stack: 0x00000000560a0000,0x00000000561a0000] [id=3172]
  0x00000000552ae800 WatcherThread [stack: 0x00000000572c0000,0x00000000573c0000] [id=7016]

VM state:not at safepoint (normal execution)

VM Mutex/Monitor currently owned by a thread: None

Heap:
 PSYoungGen      total 34816K, used 604K [0x00000000eab00000, 0x00000000ed180000, 0x0000000100000000)
  eden space 30208K, 2% used [0x00000000eab00000,0x00000000eab970b0,0x00000000ec880000)
  from space 4608K, 0% used [0x00000000ecd00000,0x00000000ecd00000,0x00000000ed180000)
  to   space 4608K, 0% used [0x00000000ec880000,0x00000000ec880000,0x00000000ecd00000)
 ParOldGen       total 79360K, used 0K [0x00000000c0000000, 0x00000000c4d80000, 0x00000000eab00000)
  object space 79360K, 0% used [0x00000000c0000000,0x00000000c0000000,0x00000000c4d80000)
 Metaspace       used 2315K, capacity 4480K, committed 4480K, reserved 1056768K
  class space    used 248K, capacity 384K, committed 384K, reserved 1048576K

Card table byte_map: [0x0000000011c40000,0x0000000011e50000] byte_map_base: 0x0000000011640000

Marking Bits: (ParMarkBitMap*) 0x000000006bb618f0
 Begin Bits: [0x00000000126b0000, 0x00000000136b0000)
 End Bits:   [0x00000000136b0000, 0x00000000146b0000)

Polling page: 0x0000000000130000

CodeCache: size=245760Kb used=1076Kb max_used=1076Kb free=244684Kb
 bounds [0x0000000002880000, 0x0000000002af0000, 0x0000000011880000]
 total_blobs=237 nmethods=12 adapters=140
 compilation: enabled

Compilation events (10 events):
Event: 0.043 Thread 0x00000000552a7800   10       3       java.lang.CharacterDataLatin1::toLowerCase (39 bytes)
Event: 0.043 Thread 0x00000000552a7800 nmethod 10 0x000000000298b6d0 code [0x000000000298b840, 0x000000000298bab0]
Event: 0.043 Thread 0x00000000552a7800   12       3       java.lang.AbstractStringBuilder::append (29 bytes)
Event: 0.043 Thread 0x00000000552a7800 nmethod 12 0x000000000298bc10 code [0x000000000298bdc0, 0x000000000298c2f8]
Event: 0.043 Thread 0x00000000552a7800   15       1       java.lang.Object::<init> (1 bytes)
Event: 0.043 Thread 0x00000000552a7800 nmethod 15 0x000000000298c590 code [0x000000000298c6e0, 0x000000000298c7f0]
Event: 0.043 Thread 0x00000000552a7800    6       3       java.lang.AbstractStringBuilder::ensureCapacityInternal (27 bytes)
Event: 0.043 Thread 0x00000000552a7800 nmethod 6 0x000000000298c850 code [0x000000000298c9e0, 0x000000000298ce58]
Event: 0.043 Thread 0x00000000552a7800   13       3       java.lang.StringBuilder::append (8 bytes)
Event: 0.045 Thread 0x00000000565b5000   17       4       java.lang.String::charAt (29 bytes)

GC Heap History (0 events):
No events

Deoptimization events (0 events):
No events

Internal exceptions (2 events):
Event: 0.015 Thread 0x00000000022ce000 Exception <a 'java/lang/NoSuchMethodError': Method sun.misc.Unsafe.defineClass(Ljava/lang/String;[BII)Ljava/lang/Class; name or signature does not match> (0x00000000eab07c78) thrown at [C:\src\android\AOSP-openjdk\external\jetbrains\jdk\hotspot\src\share\v|™ôüﬁBè?
Event: 0.015 Thread 0x00000000022ce000 Exception <a 'java/lang/NoSuchMethodError': Method sun.misc.Unsafe.prefetchRead(Ljava/lang/Object;J)V name or signature does not match> (0x00000000eab07f60) thrown at [C:\src\android\AOSP-openjdk\external\jetbrains\jdk\hotspot\src\share\vm\prims\jni.cpp, l

Events (10 events):
Event: 0.044 loading class sun/nio/cs/ISO_8859_1 done
Event: 0.044 loading class sun/nio/cs/UTF_16BE
Event: 0.044 loading class sun/nio/cs/UTF_16BE done
Event: 0.045 loading class sun/nio/cs/UTF_16LE
Event: 0.045 loading class sun/nio/cs/UTF_16LE done
Event: 0.045 loading class sun/nio/cs/UTF_16
Event: 0.045 loading class sun/nio/cs/UTF_16 done
Event: 0.045 loading class java/util/ArrayDeque
Event: 0.045 loading class java/util/Deque
Event: 0.045 loading class java/util/Queue


Dynamic libraries:
0x000000013f140000 - 0x000000013f171000 	C:\Program Files\Android\Android Studio\jre\bin\java.exe
0x00000000773d0000 - 0x000000007757a000 	C:\Windows\SYSTEM32\ntdll.dll
0x00000000771b0000 - 0x00000000772cf000 	C:\Windows\system32\kernel32.dll
0x000007fefd0e0000 - 0x000007fefd14a000 	C:\Windows\system32\KERNELBASE.dll
0x000007fefd4f0000 - 0x000007fefd5cb000 	C:\Windows\system32\ADVAPI32.dll
0x000007feff320000 - 0x000007feff3bf000 	C:\Windows\system32\msvcrt.dll
0x000007fefed50000 - 0x000007fefed6f000 	C:\Windows\SYSTEM32\sechost.dll
0x000007fefee40000 - 0x000007fefef6d000 	C:\Windows\system32\RPCRT4.dll
0x00000000772d0000 - 0x00000000773ca000 	C:\Windows\system32\USER32.dll
0x000007fefd480000 - 0x000007fefd4e7000 	C:\Windows\system32\GDI32.dll
0x000007fefdbd0000 - 0x000007fefdbde000 	C:\Windows\system32\LPK.dll
0x000007fefed70000 - 0x000007fefee3a000 	C:\Windows\system32\USP10.dll
0x000007fefbaa0000 - 0x000007fefbc94000 	C:\Windows\WinSxS\amd64_microsoft.windows.common-controls_6595b64144ccf1df_6.0.7601.18837_none_fa3b1e3d17594757\COMCTL32.dll
0x000007fefecd0000 - 0x000007fefed41000 	C:\Windows\system32\SHLWAPI.dll
0x000007fefdbe0000 - 0x000007fefdc0e000 	C:\Windows\system32\IMM32.DLL
0x000007fefd930000 - 0x000007fefda39000 	C:\Windows\system32\MSCTF.dll
0x0000000068df0000 - 0x0000000068ec2000 	C:\Program Files\Android\Android Studio\jre\jre\bin\msvcr100.dll
0x000000006b3a0000 - 0x000000006bbdc000 	C:\Program Files\Android\Android Studio\jre\jre\bin\server\jvm.dll
0x000007fef9d60000 - 0x000007fef9d69000 	C:\Windows\system32\WSOCK32.dll
0x000007feff3c0000 - 0x000007feff40d000 	C:\Windows\system32\WS2_32.dll
0x000007fefdd50000 - 0x000007fefdd58000 	C:\Windows\system32\NSI.dll
0x000007fefb0d0000 - 0x000007fefb10b000 	C:\Windows\system32\WINMM.dll
0x000007fefc190000 - 0x000007fefc19c000 	C:\Windows\system32\VERSION.dll
0x0000000077590000 - 0x0000000077597000 	C:\Windows\system32\PSAPI.DLL
0x000007fefa250000 - 0x000007fefa25f000 	C:\Program Files\Android\Android Studio\jre\jre\bin\verify.dll
0x000007fef5d80000 - 0x000007fef5da9000 	C:\Program Files\Android\Android Studio\jre\jre\bin\java.dll
0x000007fef7310000 - 0x000007fef7326000 	C:\Program Files\Android\Android Studio\jre\jre\bin\zip.dll
0x000007fefdd60000 - 0x000007fefeaea000 	C:\Windows\system32\SHELL32.dll
0x000007fefd710000 - 0x000007fefd90c000 	C:\Windows\system32\ole32.dll
0x000007fefd0c0000 - 0x000007fefd0cf000 	C:\Windows\system32\profapi.dll

VM Arguments:
jvm_args: -Djava.awt.headless=true -Xmx1024M -Dfile.encoding=windows-1252 -Duser.country=BR -Duser.language=pt -Duser.variant 
java_command: com.android.dx.command.Main --dex --force-jumbo --num-threads=4 --multi-dex --output C:\Users\fernando.nti\Documents\EcommerceAndroidApp\app\build\intermediates\transforms\dex\debug\folders\1000\5\slice_9 C:\Users\fernando.nti\Documents\EcommerceAndroidApp\app\build\intermediates\transforms\instantRunSlicer\debug\folders\1\5\slice_9
java_class_path (initial): C:\Users\fernando.nti\AppData\Local\Android\sdk\build-tools\26.0.1\lib\dx.jar
Launcher Type: SUN_STANDARD

Environment Variables:



---------------  S Y S T E M  ---------------

OS: Windows 7 , 64 bit Build 7601 (6.1.7601.23796)

CPU:total 4 (4 cores per cpu, 1 threads per core) family 6 model 60 stepping 3, cmov, cx8, fxsr, mmx, sse, sse2, sse3, ssse3, sse4.1, sse4.2, popcnt, avx, avx2, aes, clmul, erms, rtm, lzcnt, tsc, tscinvbit, bmi1, bmi2

Memory: 4k page, physical 7538940k(386680k free), swap 11657656k(3532k free)

vm_info: OpenJDK 64-Bit Server VM (25.112-b06) for windows-amd64 JRE (1.8.0_112-release-b06), built on Dec  8 2016 00:54:26 by "builder" with MS VC++ 10.0 (VS2010)

time: Fri Sep 01 13:06:34 2017
elapsed time: 0 seconds (0d 0h 0m 0s)

